<?xml version="1.0" encoding="UTF-8"?>
<!-- Generated by org.testng.reporters.JUnitXMLReporter -->
<testsuite ignored="1" hostname="LAPTOP-ST7GOG8B" failures="1" tests="9" name="Personal Loan" time="0.117" errors="0" timestamp="2020-12-11T16:48:57 IST">
  <testcase classname="Base.A143_FirstTestNG" name="bye" time="0.01"/>
  <testcase classname="Base.A143_FirstTestNG" name="demo1" time="0.006">
    <failure type="java.lang.AssertionError" message="expected [true] but found [false]">
      <![CDATA[java.lang.AssertionError: expected [true] but found [false]
at Base.A143_FirstTestNG.demo1(A143_FirstTestNG.java:14)
at java.base/java.util.ArrayList.forEach(ArrayList.java:1541)
... Removed 31 stack frames]]>
    </failure>
  </testcase> <!-- demo1 -->
  <testcase classname="Base.A144_SecondTestNG" name="secondDay" time="0.002"/>
  <testcase classname="Base.A145_CarLoan" name="mobiledignoutCarLoan" time="0.002"/>
  <testcase classname="Base.A145_CarLoan" name="mobileLoginCarLoan" time="0.002"/>
  <testcase classname="Base.A145_CarLoan" name="mobileLoginCarLoan" time="0.003"/>
  <testcase classname="Base.A145_CarLoan" name="mobileLoginCarLoan" time="0.003"/>
  <testcase classname="Base.A145_CarLoan" name="mobilesigninCarLoan" time="0.001"/>
  <testcase classname="Base.A145_CarLoan" name="APILoginCarLoan" time="0.0"/>
  <testcase classname="Base.A145_CarLoan" name="webLoginCarLoan" time="0.0">
    <ignored/>
  </testcase> <!-- webLoginCarLoan -->
</testsuite> <!-- Personal Loan -->
